<?xml version="1.0" encoding="UTF-8"?>
<!-- Generated by org.testng.reporters.JUnitReportReporter -->
<testsuite skipped="0" hostname="Hunza-PC" name="com.function.TestCases.GoogleSearchTest" tests="3" failures="0" timestamp="30 Nov 2019 20:22:53 GMT" time="28.554" errors="0">
  <testcase name="GoogleSearchValidation" time="9.619" classname="com.function.TestCases.GoogleSearchTest"/>
  <testcase name="GoogleSearchValidation" time="9.533" classname="com.function.TestCases.GoogleSearchTest"/>
  <testcase name="GoogleSearchValidation" time="9.402" classname="com.function.TestCases.GoogleSearchTest"/>
</testsuite> <!-- com.function.TestCases.GoogleSearchTest -->
