<?xml version="1.0" encoding="UTF-8"?>
<!-- Generated by org.testng.reporters.JUnitReportReporter -->
<testsuite skipped="0" hostname="Hunza-PC" name="com.api.TestCase.APIGetTest" tests="3" failures="0" timestamp="09 Nov 2019 11:48:43 GMT" time="7.160" errors="0">
  <testcase name="APITestsGETMethod" time="1.902" classname="com.api.TestCase.APIGetTest"/>
  <testcase name="APITestsGETMethod" time="1.355" classname="com.api.TestCase.APIGetTest"/>
  <testcase name="APITestsGETMethod" time="3.903" classname="com.api.TestCase.APIGetTest"/>
</testsuite> <!-- com.api.TestCase.APIGetTest -->
