<?xml version="1.0" encoding="UTF-8"?>
<!-- Generated by org.testng.reporters.JUnitReportReporter -->
<testsuite skipped="0" hostname="Hunza-PC" name="com.unitTestCases.GoogleSearchTest" tests="3" failures="0" timestamp="08 Nov 2019 10:11:07 GMT" time="26.648" errors="0">
  <testcase name="GoogleSearchValidation" time="13.127" classname="com.unitTestCases.GoogleSearchTest"/>
  <testcase name="GoogleSearchValidation" time="6.816" classname="com.unitTestCases.GoogleSearchTest"/>
  <testcase name="GoogleSearchValidation" time="6.705" classname="com.unitTestCases.GoogleSearchTest"/>
</testsuite> <!-- com.unitTestCases.GoogleSearchTest -->
