<?xml version="1.0" encoding="UTF-8"?>
<!-- Generated by org.testng.reporters.JUnitReportReporter -->
<testsuite skipped="0" hostname="Hunza-PC" name="com.unitTestCases.EquityTradeTest" tests="1" failures="0" timestamp="09 Nov 2019 10:49:36 GMT" time="10.867" errors="0">
  <testcase name="GoogleSearchValidation" time="10.867" classname="com.unitTestCases.EquityTradeTest"/>
</testsuite> <!-- com.unitTestCases.EquityTradeTest -->
