<?xml version="1.0" encoding="UTF-8"?>
<!-- Generated by org.testng.reporters.JUnitReportReporter -->
<testsuite skipped="0" hostname="Hunza-PC" name="com.api.runnerClasses.GenericRunner" tests="1" failures="0" timestamp="25 Jan 2020 09:28:14 GMT" time="17.708" errors="0">
  <testcase name="feature" time="17.708" classname="com.api.runnerClasses.GenericRunner"/>
</testsuite> <!-- com.api.runnerClasses.GenericRunner -->
